<?xml version="1.0" encoding="UTF-8" ?>
<testsuite tests="2" failures="0" name="com.liruo.email.nos.ThymeleafTest" time="0.505" errors="0" skipped="0">
  <properties>
    <property name="idea.version" value="2022.2.2"/>
    <property name="java.runtime.name" value="Java(TM) SE Runtime Environment"/>
    <property name="java.vm.version" value="17.0.2+8-LTS-86"/>
    <property name="sun.boot.library.path" value="A:\compiler\java\bin"/>
    <property name="maven.multiModuleProjectDirectory" value="A:\code\backend\java\component\simple-email"/>
    <property name="java.vm.vendor" value="Oracle Corporation"/>
    <property name="java.vendor.url" value="https://java.oracle.com/"/>
    <property name="guice.disable.misplaced.annotation.check" value="true"/>
    <property name="path.separator" value=";"/>
    <property name="java.vm.name" value="Java HotSpot(TM) 64-Bit Server VM"/>
    <property name="sun.os.patch.level" value=""/>
    <property name="user.script" value=""/>
    <property name="user.country" value="CN"/>
    <property name="sun.java.launcher" value="SUN_STANDARD"/>
    <property name="java.vm.specification.name" value="Java Virtual Machine Specification"/>
    <property name="user.dir" value="A:\code\backend\java\component\simple-email"/>
    <property name="java.vm.compressedOopsMode" value="Zero based"/>
    <property name="java.runtime.version" value="17.0.2+8-LTS-86"/>
    <property name="os.arch" value="amd64"/>
    <property name="java.io.tmpdir" value="C:\Users\LYM\AppData\Local\Temp\"/>
    <property name="line.separator" value="
"/>
    <property name="java.vm.specification.vendor" value="Oracle Corporation"/>
    <property name="user.variant" value=""/>
    <property name="os.name" value="Windows 11"/>
    <property name="maven.ext.class.path" value="A:\Jets\IntelliJ IDEA 2022.2.2\plugins\maven\lib\maven-event-listener.jar"/>
    <property name="classworlds.conf" value="A:\tools\apache-maven-3.8.6\bin\m2.conf"/>
    <property name="sun.jnu.encoding" value="GBK"/>
    <property name="java.library.path" value="A:\compiler\java\bin;C:\WINDOWS\Sun\Java\bin;C:\WINDOWS\system32;C:\WINDOWS;C:\WINDOWS\system32;C:\WINDOWS;C:\WINDOWS\System32\Wbem;C:\WINDOWS\System32\WindowsPowerShell\v1.0\;C:\WINDOWS\System32\OpenSSH\;C:\WINDOWS\system32;C:\WINDOWS\System32\Wbem;C:\WINDOWS\System32\WindowsPowerShell\v1.0\;C:\WINDOWS;C:\WINDOWS\System32\OpenSSH\;C:\Program Files\dotnet\;C:\Program Files (x86)\AOMEI\AOMEI Backupper\6.9.5;D:\life\tool\vivo_exchange\EasyShare\x64\;D:\life\tool\vivo_exchange\EasyShare\x86\;A:\compiler\Graphviz\bin;A:\tools\Git\cmd;A:\tools\Git\bin;A:\compiler\visual studio code\Microsoft VS Code\bin;D:\internetSoftware\ffmpeg-5.1-essentials_build\bin;C:\Program Files (x86)\remotectl\Xftp 7\;C:\Program Files (x86)\remotectl\Xshell 7\;A:\compiler\java\bin;A:\compiler\go1.19.windows-amd64\bin;A:\tools\apache-maven-3.8.6\bin;A:\tools\gradle-7.6\bin;D:\internetSoftware\apache-jmeter-5.5\bin;A:\tools\repository\gomod\bin;A:\compiler\android\platform-tools;A:\compiler\python310;A:\compiler\python310\Scripts;A:\compiler\mingw64\bin;A:\dataBase\mysql-5.7.19-winx64\bin;A:\compiler\node.js.18.17.1;A:\tools\repository\node\node_global;A:\tools\protoc-24.0-win64\bin;A:\tools\repository\pnpm\global\bin;C:\Users\LYM\AppData\Local\Microsoft\WindowsApps;C:\Users\LYM\AppData\Local\Microsoft\WindowsApps;A:\compiler\visual studio code\Microsoft VS Code\bin;A:\Jets\IntelliJ IDEA 2022.2.2\bin;A:\Jets\WebStorm 2022.1.2\bin;C:\Users\LYM\AppData\Local\JetBrains\Toolbox\scripts;;."/>
    <property name="maven.conf" value="A:\tools\apache-maven-3.8.6/conf"/>
    <property name="jdk.debug" value="release"/>
    <property name="java.class.version" value="61.0"/>
    <property name="java.specification.name" value="Java Platform API Specification"/>
    <property name="sun.management.compiler" value="HotSpot 64-Bit Tiered Compilers"/>
    <property name="maven.repo.local" value="A:\tools\repository\maven"/>
    <property name="os.version" value="10.0"/>
    <property name="user.home" value="C:\Users\LYM"/>
    <property name="user.timezone" value="Asia/Shanghai"/>
    <property name="file.encoding" value="UTF-8"/>
    <property name="java.specification.version" value="17"/>
    <property name="user.name" value="LYM"/>
    <property name="java.class.path" value="A:\tools\apache-maven-3.8.6\boot\plexus-classworlds-2.6.0.jar;A:\tools\apache-maven-3.8.6\boot\plexus-classworlds.license"/>
    <property name="java.vm.specification.version" value="17"/>
    <property name="sun.arch.data.model" value="64"/>
    <property name="sun.java.command" value="org.codehaus.classworlds.Launcher -Didea.version=2022.2.2 -s A:\tools\apache-maven-3.8.6\conf\settings.xml -Dmaven.repo.local=A:\tools\repository\maven package"/>
    <property name="java.home" value="A:\compiler\java"/>
    <property name="user.language" value="zh"/>
    <property name="java.specification.vendor" value="Oracle Corporation"/>
    <property name="java.vm.info" value="mixed mode, sharing"/>
    <property name="java.version" value="17.0.2"/>
    <property name="native.encoding" value="GBK"/>
    <property name="java.vendor" value="Oracle Corporation"/>
    <property name="maven.home" value="A:\tools\apache-maven-3.8.6"/>
    <property name="file.separator" value="\"/>
    <property name="java.version.date" value="2022-01-18"/>
    <property name="java.vendor.url.bug" value="https://bugreport.java.com/bugreport/"/>
    <property name="sun.io.unicode.encoding" value="UnicodeLittle"/>
    <property name="sun.cpu.endian" value="little"/>
    <property name="sun.cpu.isalist" value="amd64"/>
  </properties>
  <testcase classname="com.liruo.email.nos.ThymeleafTest" name="com.liruo.email.nos.ThymeleafTest.testClassLoaderResource" time="0.407"/>
  <testcase classname="com.liruo.email.nos.ThymeleafTest" name="com.liruo.email.nos.ThymeleafTest.testText" time="0.098"/>
</testsuite>